{
  "stats": {
    "suites": 19,
    "tests": 33,
    "passes": 33,
    "pending": 0,
    "failures": 0,
    "start": "2022-03-31T09:22:41.299Z",
    "end": "2022-03-31T09:26:20.462Z",
    "duration": 74355,
    "testsRegistered": 33,
    "passPercent": 100,
    "pendingPercent": 0,
    "other": 0,
    "hasOther": false,
    "skipped": 0,
    "hasSkipped": false
  },
  "results": [
    {
      "uuid": "4c0919aa-41f2-4c36-b52b-23ec40504a5d",
      "title": "",
      "fullFile": "cypress/integration/automation-test-store/alias-invoke.js",
      "file": "cypress/integration/automation-test-store/alias-invoke.js",
      "beforeHooks": [],
      "afterHooks": [],
      "tests": [],
      "suites": [
        {
          "uuid": "4afe695b-36b9-4470-ac78-7e17d46c6d04",
          "title": "Alias and invoke",
          "fullFile": "",
          "file": "",
          "beforeHooks": [],
          "afterHooks": [],
          "tests": [
            {
              "title": "Calculate total of normal and sale products",
              "fullTitle": "Alias and invoke Calculate total of normal and sale products",
              "timedOut": null,
              "duration": 2352,
              "state": "passed",
              "speed": "fast",
              "pass": true,
              "fail": false,
              "pending": false,
              "context": null,
              "code": "cy.visit('https://automationteststore.com/');\ncy.get('.thumbnail').as('productThumbnail'); // cy.get('@productThumbnail').find('.oneprice').each(($el, index, $list) => {\n//     cy.log($el.text())\n//})\ncy.get('.thumbnail').find('.oneprice').invoke('text').as('itemPrice');\ncy.get('.thumbnail').find('.pricenew').invoke('text').as('saleItemPrice');\nvar itemsTotal = 0;\ncy.get('@itemPrice').then($linkText => {\n  var itemsTotalPrice = 0;\n  var itemPrice = $linkText.split('$');\n  var i;\n  for (i = 0; i < itemPrice.length; i++) {\n    cy.log(itemPrice[i]);\n    itemsTotalPrice += Number(itemPrice[i]);\n  }\n  itemsTotal += itemsTotalPrice;\n  cy.log(\"Non sale price items price total \" + itemsTotalPrice);\n});\ncy.get('@saleItemPrice').then($linkText => {\n  var saleItemTotalPrice = 0;\n  var saleItemPrice = $linkText.split('$');\n  var i;\n  for (i = 0; i < saleItemPrice.length; i++) {\n    cy.log(saleItemPrice[i]);\n    saleItemTotalPrice += Number(saleItemPrice[i]);\n  }\n  itemsTotal += saleItemTotalPrice;\n  cy.log(\"Sale Items total price is \" + saleItemTotalPrice);\n}).then(() => {\n  cy.log('The total price is ' + itemsTotal);\n  expect(itemsTotal).to.equal(648.5);\n});",
              "err": {},
              "uuid": "e6650909-96a4-4d99-b50c-d2501c7f2143",
              "parentUUID": "4afe695b-36b9-4470-ac78-7e17d46c6d04",
              "isHook": false,
              "skipped": false
            }
          ],
          "suites": [],
          "passes": [
            "e6650909-96a4-4d99-b50c-d2501c7f2143"
          ],
          "failures": [],
          "pending": [],
          "skipped": [],
          "duration": 2352,
          "root": false,
          "rootEmpty": false,
          "_timeout": 2000
        }
      ],
      "passes": [],
      "failures": [],
      "pending": [],
      "skipped": [],
      "duration": 0,
      "root": true,
      "rootEmpty": true,
      "_timeout": 2000
    },
    {
      "uuid": "2860b1f3-346b-41c8-825e-fe4269cd3456",
      "title": "",
      "fullFile": "cypress/integration/automation-test-store/contact-us.js",
      "file": "cypress/integration/automation-test-store/contact-us.js",
      "beforeHooks": [],
      "afterHooks": [],
      "tests": [],
      "suites": [
        {
          "uuid": "c1d51a4c-cd2b-4098-8759-70cb98cbf83e",
          "title": "Test contact us form via Automation Test Store",
          "fullFile": "",
          "file": "",
          "beforeHooks": [],
          "afterHooks": [],
          "tests": [
            {
              "title": "Should be able to submit a successful submition via Contact us form",
              "fullTitle": "Test contact us form via Automation Test Store Should be able to submit a successful submition via Contact us form",
              "timedOut": null,
              "duration": 5876,
              "state": "passed",
              "speed": "medium",
              "pass": true,
              "fail": false,
              "pending": false,
              "context": null,
              "code": "cy.visit('https://automationteststore.com/');\ncy.get(\"a[href$='contact']\").click().then(button => {\n  cy.log(button.text());\n});\ncy.get(\"@user\").then(user => {\n  cy.get('[name=\"first_name\"]').type(user.first_name);\n  cy.get('#ContactUsFrm_email').type(user.email);\n});\ncy.get('#ContactUsFrm_email').should('have.attr', 'name', 'email');\ncy.get('[name=\"enquiry\"]').type('Do you provide an additional discount');\ncy.contains(\"Submit\").click();\ncy.get(\".contentpanel\").should('contain', 'Your enquiry has been successfully sent to the store owner!');",
              "err": {},
              "uuid": "820545b9-a18c-4501-8c01-675ec30ff38c",
              "parentUUID": "c1d51a4c-cd2b-4098-8759-70cb98cbf83e",
              "isHook": false,
              "skipped": false
            }
          ],
          "suites": [],
          "passes": [
            "820545b9-a18c-4501-8c01-675ec30ff38c"
          ],
          "failures": [],
          "pending": [],
          "skipped": [],
          "duration": 5876,
          "root": false,
          "rootEmpty": false,
          "_timeout": 2000
        }
      ],
      "passes": [],
      "failures": [],
      "pending": [],
      "skipped": [],
      "duration": 0,
      "root": true,
      "rootEmpty": true,
      "_timeout": 2000
    },
    {
      "uuid": "1c289267-9e80-4074-9cff-2bcaae10cf9d",
      "title": "",
      "fullFile": "cypress/integration/automation-test-store/inspect-item.js",
      "file": "cypress/integration/automation-test-store/inspect-item.js",
      "beforeHooks": [],
      "afterHooks": [],
      "tests": [],
      "suites": [
        {
          "uuid": "4a6239b2-5f8c-498d-a6ad-37046d36ca3c",
          "title": "Inspect Automationteststore items using chain of commands",
          "fullFile": "",
          "file": "",
          "beforeHooks": [],
          "afterHooks": [],
          "tests": [
            {
              "title": "Click on the first item using item text",
              "fullTitle": "Inspect Automationteststore items using chain of commands Click on the first item using item text",
              "timedOut": null,
              "duration": 3061,
              "state": "passed",
              "speed": "fast",
              "pass": true,
              "fail": false,
              "pending": false,
              "context": null,
              "code": "cy.visit('https://automationteststore.com/');\ncy.get('.prdocutname').contains('Skinsheen Bronzer Stick').click().then(itemHeaderText => {\n  console.log(\"Selected the following item: \" + itemHeaderText.text());\n});",
              "err": {},
              "uuid": "0d3a7e3d-128f-4562-9f03-a7946a200a1e",
              "parentUUID": "4a6239b2-5f8c-498d-a6ad-37046d36ca3c",
              "isHook": false,
              "skipped": false
            }
          ],
          "suites": [],
          "passes": [
            "0d3a7e3d-128f-4562-9f03-a7946a200a1e"
          ],
          "failures": [],
          "pending": [],
          "skipped": [],
          "duration": 3061,
          "root": false,
          "rootEmpty": false,
          "_timeout": 2000
        }
      ],
      "passes": [],
      "failures": [],
      "pending": [],
      "skipped": [],
      "duration": 0,
      "root": true,
      "rootEmpty": true,
      "_timeout": 2000
    },
    {
      "uuid": "1dfcacab-39d9-4726-bd65-20c042b96a03",
      "title": "",
      "fullFile": "cypress/integration/automation-test-store/iterate-over-elements.js",
      "file": "cypress/integration/automation-test-store/iterate-over-elements.js",
      "beforeHooks": [],
      "afterHooks": [],
      "tests": [],
      "suites": [
        {
          "uuid": "cd6d9c75-bde5-45e6-94f6-8f8d8eafe481",
          "title": "Iterate over elements",
          "fullFile": "",
          "file": "",
          "beforeHooks": [],
          "afterHooks": [],
          "tests": [
            {
              "title": "Log information of all hair care products",
              "fullTitle": "Iterate over elements Log information of all hair care products",
              "timedOut": null,
              "duration": 3382,
              "state": "passed",
              "speed": "fast",
              "pass": true,
              "fail": false,
              "pending": false,
              "context": null,
              "code": "cy.get('.fixed .prdocutname').each(($el, index, $list) => {\n  cy.log(\"Index \" + index + \" : \" + $el.text());\n});",
              "err": {},
              "uuid": "97ebc1fe-0d1f-4f06-89cd-08645252864b",
              "parentUUID": "cd6d9c75-bde5-45e6-94f6-8f8d8eafe481",
              "isHook": false,
              "skipped": false
            },
            {
              "title": "Add specific product to the basket",
              "fullTitle": "Iterate over elements Add specific product to the basket",
              "timedOut": null,
              "duration": 2754,
              "state": "passed",
              "speed": "fast",
              "pass": true,
              "fail": false,
              "pending": false,
              "context": null,
              "code": "// cy.get('.fixed .prdocutname').each(($el, index, $list) => {\n//     if($el.text().includes('Eau Parfumee au The Vert Shampoo')) {\n//         cy.wrap($el).click()\n//     }\n//   })\ncy.selectProduct('Eau Parfumee au The Vert Shampoo');",
              "err": {},
              "uuid": "30ed528e-d23a-4416-8d26-5bb3b69a8264",
              "parentUUID": "cd6d9c75-bde5-45e6-94f6-8f8d8eafe481",
              "isHook": false,
              "skipped": false
            },
            {
              "title": "Add specific product to the basket",
              "fullTitle": "Iterate over elements Add specific product to the basket",
              "timedOut": null,
              "duration": 2458,
              "state": "passed",
              "speed": "fast",
              "pass": true,
              "fail": false,
              "pending": false,
              "context": null,
              "code": "cy.selectProduct('Seaweed Conditioner');",
              "err": {},
              "uuid": "02212f4d-7315-40ae-8c54-bb388289f2ad",
              "parentUUID": "cd6d9c75-bde5-45e6-94f6-8f8d8eafe481",
              "isHook": false,
              "skipped": false
            },
            {
              "title": "Add specific product to the basket",
              "fullTitle": "Iterate over elements Add specific product to the basket",
              "timedOut": null,
              "duration": 2326,
              "state": "passed",
              "speed": "fast",
              "pass": true,
              "fail": false,
              "pending": false,
              "context": null,
              "code": "cy.selectProduct('Curls to straight Shampoo');",
              "err": {},
              "uuid": "95d8f76a-d7fc-44b7-af88-bdde67209863",
              "parentUUID": "cd6d9c75-bde5-45e6-94f6-8f8d8eafe481",
              "isHook": false,
              "skipped": false
            }
          ],
          "suites": [],
          "passes": [
            "97ebc1fe-0d1f-4f06-89cd-08645252864b",
            "30ed528e-d23a-4416-8d26-5bb3b69a8264",
            "02212f4d-7315-40ae-8c54-bb388289f2ad",
            "95d8f76a-d7fc-44b7-af88-bdde67209863"
          ],
          "failures": [],
          "pending": [],
          "skipped": [],
          "duration": 10920,
          "root": false,
          "rootEmpty": false,
          "_timeout": 2000
        }
      ],
      "passes": [],
      "failures": [],
      "pending": [],
      "skipped": [],
      "duration": 0,
      "root": true,
      "rootEmpty": true,
      "_timeout": 2000
    },
    {
      "uuid": "c6c4c982-773f-40db-8df9-32ae4188fbbd",
      "title": "",
      "fullFile": "cypress/integration/automation-test-store/variables-and-cy-commands.js",
      "file": "cypress/integration/automation-test-store/variables-and-cy-commands.js",
      "beforeHooks": [],
      "afterHooks": [],
      "tests": [],
      "suites": [
        {
          "uuid": "71b16429-927d-425d-99d8-b468c4b3c0c8",
          "title": "Verifying variables, cypress commands and jquery commands",
          "fullFile": "",
          "file": "",
          "beforeHooks": [],
          "afterHooks": [],
          "tests": [
            {
              "title": "Validate properties of Contuct us page",
              "fullTitle": "Verifying variables, cypress commands and jquery commands Validate properties of Contuct us page",
              "timedOut": null,
              "duration": 1746,
              "state": "passed",
              "speed": "fast",
              "pass": true,
              "fail": false,
              "pending": false,
              "context": null,
              "code": "cy.visit('https://automationteststore.com/index.php?rt=content/contact'); //Uses cypress commands and chaining\ncy.contains(\"#ContactUsFrm\", \"Contact Us Form\").find(\"#field_11\").should('contain', 'First name'); //JQuery approach\ncy.contains(\"#ContactUsFrm\", \"Contact Us Form\").then(text => {\n  const firstNameText = text.find(\"#field_11\").text();\n  expect(firstNameText).to.contain('First name'); //Embedded Commands (Closures)\n  cy.get('#field_11').then(fnTxt => {\n    cy.log(fnTxt.text());\n  });\n}); //Embedded Commands (Closures)",
              "err": {},
              "uuid": "4c615d45-5bc0-4ec2-a74d-a57ce49991fc",
              "parentUUID": "71b16429-927d-425d-99d8-b468c4b3c0c8",
              "isHook": false,
              "skipped": false
            }
          ],
          "suites": [],
          "passes": [
            "4c615d45-5bc0-4ec2-a74d-a57ce49991fc"
          ],
          "failures": [],
          "pending": [],
          "skipped": [],
          "duration": 1746,
          "root": false,
          "rootEmpty": false,
          "_timeout": 2000
        }
      ],
      "passes": [],
      "failures": [],
      "pending": [],
      "skipped": [],
      "duration": 0,
      "root": true,
      "rootEmpty": true,
      "_timeout": 2000
    },
    {
      "uuid": "2dced52e-aa6b-435c-9bdd-54a5178fbebe",
      "title": "",
      "fullFile": "cypress/integration/webdriver-uni/autocomplete-dropdown-list.js",
      "file": "cypress/integration/webdriver-uni/autocomplete-dropdown-list.js",
      "beforeHooks": [],
      "afterHooks": [],
      "tests": [],
      "suites": [
        {
          "uuid": "c71ca003-23b5-4b54-b538-b239dca7d4da",
          "title": "Verify autocomplete dropdown lists via webdriveruni",
          "fullFile": "",
          "file": "",
          "beforeHooks": [],
          "afterHooks": [],
          "tests": [
            {
              "title": "Select specific product via autocomplete list",
              "fullTitle": "Verify autocomplete dropdown lists via webdriveruni Select specific product via autocomplete list",
              "timedOut": null,
              "duration": 2527,
              "state": "passed",
              "speed": "fast",
              "pass": true,
              "fail": false,
              "pending": false,
              "context": null,
              "code": "cy.visit('http://www.webdriveruniversity.com/');\ncy.get('#autocomplete-textfield').invoke('removeAttr', 'target').click({\n  force: true\n});\ncy.get('#myInput').type('A');\ncy.get('#myInputautocomplete-list >*').each(($el, index, $list) => {\n  const prod = $el.text();\n  const productToSelect = 'Avacado';\n  if (prod === productToSelect) {\n    //$el.click();\n    $el.trigger(\"click\");\n    cy.get('#submit-button').click();\n    cy.url().should('include', productToSelect);\n  }\n}).then(() => {\n  cy.get('#myInput').type('g');\n  cy.get('#myInputautocomplete-list >*').each(($el, index, $list) => {\n    const prod = $el.text();\n    const productToSelect = 'Grapes';\n    if (prod === productToSelect) {\n      //$el.click();\n      $el.trigger(\"click\");\n      cy.get('#submit-button').click();\n      cy.url().should('include', productToSelect);\n    }\n  });\n});",
              "err": {},
              "uuid": "82f07e8d-f6c2-416d-9b5a-922635dacdd4",
              "parentUUID": "c71ca003-23b5-4b54-b538-b239dca7d4da",
              "isHook": false,
              "skipped": false
            }
          ],
          "suites": [],
          "passes": [
            "82f07e8d-f6c2-416d-9b5a-922635dacdd4"
          ],
          "failures": [],
          "pending": [],
          "skipped": [],
          "duration": 2527,
          "root": false,
          "rootEmpty": false,
          "_timeout": 2000
        }
      ],
      "passes": [],
      "failures": [],
      "pending": [],
      "skipped": [],
      "duration": 0,
      "root": true,
      "rootEmpty": true,
      "_timeout": 2000
    },
    {
      "uuid": "805200e3-2b9d-4a98-be07-e2850b9cff21",
      "title": "",
      "fullFile": "cypress/integration/webdriver-uni/browser-navigation.js",
      "file": "cypress/integration/webdriver-uni/browser-navigation.js",
      "beforeHooks": [],
      "afterHooks": [],
      "tests": [],
      "suites": [
        {
          "uuid": "9a37cd19-2e8a-4f66-85f9-5add0aa9c036",
          "title": "Validate webdriveruni homepage links",
          "fullFile": "",
          "file": "",
          "beforeHooks": [],
          "afterHooks": [],
          "tests": [
            {
              "title": "Confirm links redirect to the correct pages",
              "fullTitle": "Validate webdriveruni homepage links Confirm links redirect to the correct pages",
              "timedOut": null,
              "duration": 4780,
              "state": "passed",
              "speed": "fast",
              "pass": true,
              "fail": false,
              "pending": false,
              "context": null,
              "code": "//cy.visit('http://www.webdriveruniversity.com/Contact-Us/contactus.html')\ncy.visit('http://www.webdriveruniversity.com/');\ncy.get('#contact-us').invoke('removeAttr', 'target').click({\n  force: true\n});\ncy.url().should('include', 'contactus');\ncy.go('back');\ncy.reload();\ncy.url().should('include', 'http://www.webdriveruniversity.com/'); //cy.reload(true)  //reload without using cache \ncy.go('forward');\ncy.url().should('include', 'contactus');\ncy.go('back');\ncy.get('#login-portal').invoke('removeAttr', 'target').click({\n  force: true\n});\ncy.url().should('include', 'Login');\ncy.go('back');\ncy.get('#to-do-list').invoke('removeAttr', 'target').click({\n  force: true\n});\ncy.url().should('include', 'To-Do-List');\ncy.go('back');",
              "err": {},
              "uuid": "23d73f54-91a9-42ed-95ff-f8036338144d",
              "parentUUID": "9a37cd19-2e8a-4f66-85f9-5add0aa9c036",
              "isHook": false,
              "skipped": false
            }
          ],
          "suites": [],
          "passes": [
            "23d73f54-91a9-42ed-95ff-f8036338144d"
          ],
          "failures": [],
          "pending": [],
          "skipped": [],
          "duration": 4780,
          "root": false,
          "rootEmpty": false,
          "_timeout": 2000
        }
      ],
      "passes": [],
      "failures": [],
      "pending": [],
      "skipped": [],
      "duration": 0,
      "root": true,
      "rootEmpty": true,
      "_timeout": 2000
    },
    {
      "uuid": "22be84fe-3011-48dc-a76c-ad958d540097",
      "title": "",
      "fullFile": "cypress/integration/webdriver-uni/checkboxes.js",
      "file": "cypress/integration/webdriver-uni/checkboxes.js",
      "beforeHooks": [],
      "afterHooks": [],
      "tests": [],
      "suites": [
        {
          "uuid": "338ff11b-567c-4ac8-a5ca-74868ad5aa8f",
          "title": "Verify checkboxes via webdriveruni",
          "fullFile": "",
          "file": "",
          "beforeHooks": [],
          "afterHooks": [],
          "tests": [
            {
              "title": "Check and validate checkbox",
              "fullTitle": "Verify checkboxes via webdriveruni Check and validate checkbox",
              "timedOut": null,
              "duration": 1003,
              "state": "passed",
              "speed": "fast",
              "pass": true,
              "fail": false,
              "pending": false,
              "context": null,
              "code": "//cy.get('#checkboxes > :nth-child(1) > input').check()\n//cy.get('#checkboxes > :nth-child(1) > input').check().should('be.checked')\ncy.get('#checkboxes > :nth-child(1) > input').check().as('option-1');\ncy.get('@option-1').check();\ncy.get('@option-1').check().should('be.checked');",
              "err": {},
              "uuid": "78b1a017-ed65-430c-bc8c-2b737e44835b",
              "parentUUID": "338ff11b-567c-4ac8-a5ca-74868ad5aa8f",
              "isHook": false,
              "skipped": false
            },
            {
              "title": "Uncheck and validate checkbox",
              "fullTitle": "Verify checkboxes via webdriveruni Uncheck and validate checkbox",
              "timedOut": null,
              "duration": 486,
              "state": "passed",
              "speed": "fast",
              "pass": true,
              "fail": false,
              "pending": false,
              "context": null,
              "code": "//cy.get('#checkboxes > :nth-child(5) > input').uncheck()\ncy.get('#checkboxes > :nth-child(5) > input').as('option-3');\ncy.get('@option-3').uncheck().should('not.be.checked');",
              "err": {},
              "uuid": "a6f69ef9-b7f2-4055-a071-7c62d06d9247",
              "parentUUID": "338ff11b-567c-4ac8-a5ca-74868ad5aa8f",
              "isHook": false,
              "skipped": false
            },
            {
              "title": "Check multiple checkboxes",
              "fullTitle": "Verify checkboxes via webdriveruni Check multiple checkboxes",
              "timedOut": null,
              "duration": 647,
              "state": "passed",
              "speed": "fast",
              "pass": true,
              "fail": false,
              "pending": false,
              "context": null,
              "code": "cy.get(\"input[type='checkbox']\").check(['option-1', 'option-2', 'option-3', 'option-4']).should('be.checked');",
              "err": {},
              "uuid": "0ecf6e05-e7b8-4ab3-bdc0-773456a1e31b",
              "parentUUID": "338ff11b-567c-4ac8-a5ca-74868ad5aa8f",
              "isHook": false,
              "skipped": false
            }
          ],
          "suites": [],
          "passes": [
            "78b1a017-ed65-430c-bc8c-2b737e44835b",
            "a6f69ef9-b7f2-4055-a071-7c62d06d9247",
            "0ecf6e05-e7b8-4ab3-bdc0-773456a1e31b"
          ],
          "failures": [],
          "pending": [],
          "skipped": [],
          "duration": 2136,
          "root": false,
          "rootEmpty": false,
          "_timeout": 2000
        }
      ],
      "passes": [],
      "failures": [],
      "pending": [],
      "skipped": [],
      "duration": 0,
      "root": true,
      "rootEmpty": true,
      "_timeout": 2000
    },
    {
      "uuid": "47e158a8-cc13-4d42-8784-4b1b70de9a94",
      "title": "",
      "fullFile": "cypress/integration/webdriver-uni/contact-us.js",
      "file": "cypress/integration/webdriver-uni/contact-us.js",
      "beforeHooks": [],
      "afterHooks": [],
      "tests": [],
      "suites": [
        {
          "uuid": "815fce52-d9fb-453b-bc15-a1bdbe89a774",
          "title": "Test contact us form via WebdriverUni",
          "fullFile": "",
          "file": "",
          "beforeHooks": [],
          "afterHooks": [],
          "tests": [
            {
              "title": "Should be able to submit a successful submition via Contact us form",
              "fullTitle": "Test contact us form via WebdriverUni Should be able to submit a successful submition via Contact us form",
              "timedOut": null,
              "duration": 7109,
              "state": "passed",
              "speed": "medium",
              "pass": true,
              "fail": false,
              "pending": false,
              "context": null,
              "code": "cy.document().should('have.property', 'charset').and('eq', 'UTF-8');\ncy.title().should('include', 'WebDriver | Contact Us');\ncy.url().should('include', 'contactus');\ncontact_Us_PO.contactForm_Submission(Cypress.env(\"first_name\"), data.last_name, data.email, \"Hallo World\", 'h1', 'Thank You for your Message!');",
              "err": {},
              "uuid": "ef7d7b4a-89ce-46ba-8b0b-c979d6a500df",
              "parentUUID": "815fce52-d9fb-453b-bc15-a1bdbe89a774",
              "isHook": false,
              "skipped": false
            },
            {
              "title": "Should not be able to submit a successful submition via Contact us form as all fields are required",
              "fullTitle": "Test contact us form via WebdriverUni Should not be able to submit a successful submition via Contact us form as all fields are required",
              "timedOut": null,
              "duration": 5354,
              "state": "passed",
              "speed": "medium",
              "pass": true,
              "fail": false,
              "pending": false,
              "context": null,
              "code": "contact_Us_PO.contactForm_Submission(Cypress.env(\"first_name\"), data.last_name, \" \", \"Hallo World\", 'body', 'Error: Invalid email address');",
              "err": {},
              "uuid": "1bbee879-787e-42d0-be1a-a886492c1dfb",
              "parentUUID": "815fce52-d9fb-453b-bc15-a1bdbe89a774",
              "isHook": false,
              "skipped": false
            }
          ],
          "suites": [],
          "passes": [
            "ef7d7b4a-89ce-46ba-8b0b-c979d6a500df",
            "1bbee879-787e-42d0-be1a-a886492c1dfb"
          ],
          "failures": [],
          "pending": [],
          "skipped": [],
          "duration": 12463,
          "root": false,
          "rootEmpty": false,
          "_timeout": 2000
        }
      ],
      "passes": [],
      "failures": [],
      "pending": [],
      "skipped": [],
      "duration": 0,
      "root": true,
      "rootEmpty": true,
      "_timeout": 2000
    },
    {
      "uuid": "212d57aa-9600-4da8-8737-2127a684001a",
      "title": "",
      "fullFile": "cypress/integration/webdriver-uni/data-tables.js",
      "file": "cypress/integration/webdriver-uni/data-tables.js",
      "beforeHooks": [],
      "afterHooks": [],
      "tests": [],
      "suites": [
        {
          "uuid": "6fb6115c-415f-42d1-bd3b-2e333017f0d1",
          "title": "Handling data via webdriveruni",
          "fullFile": "",
          "file": "",
          "beforeHooks": [],
          "afterHooks": [],
          "tests": [
            {
              "title": "Calculate and assert the age of a giveb user based on last name",
              "fullTitle": "Handling data via webdriveruni Calculate and assert the age of a giveb user based on last name",
              "timedOut": null,
              "duration": 1686,
              "state": "passed",
              "speed": "fast",
              "pass": true,
              "fail": false,
              "pending": false,
              "context": null,
              "code": "cy.get('#thumbnail-1 tr td:nth-child(2)').each(($el, index, $list) => {\n  const text = $el.text();\n  if (text.includes(\"Woods\")) {\n    cy.get('#thumbnail-1 tr td:nth-child(2)').eq(index).next().then(function (age) {\n      const userAge = age.text();\n      expect(userAge).to.eq('80');\n    });\n  }\n});",
              "err": {},
              "uuid": "f7265308-9e5e-4956-9980-545bed5413d2",
              "parentUUID": "6fb6115c-415f-42d1-bd3b-2e333017f0d1",
              "isHook": false,
              "skipped": false
            }
          ],
          "suites": [],
          "passes": [
            "f7265308-9e5e-4956-9980-545bed5413d2"
          ],
          "failures": [],
          "pending": [],
          "skipped": [],
          "duration": 1686,
          "root": false,
          "rootEmpty": false,
          "_timeout": 2000
        }
      ],
      "passes": [],
      "failures": [],
      "pending": [],
      "skipped": [],
      "duration": 0,
      "root": true,
      "rootEmpty": true,
      "_timeout": 2000
    },
    {
      "uuid": "5b47ad79-fd33-49ec-842d-129bc6ed5135",
      "title": "",
      "fullFile": "cypress/integration/webdriver-uni/datepicker.js",
      "file": "cypress/integration/webdriver-uni/datepicker.js",
      "beforeHooks": [],
      "afterHooks": [],
      "tests": [],
      "suites": [
        {
          "uuid": "c383d78e-225a-4b16-8b03-a4caa492b55c",
          "title": "Test datepicker via webdriveruni",
          "fullFile": "",
          "file": "",
          "beforeHooks": [],
          "afterHooks": [],
          "tests": [
            {
              "title": "Select date from datepicker",
              "fullTitle": "Test datepicker via webdriveruni Select date from datepicker",
              "timedOut": null,
              "duration": 7459,
              "state": "passed",
              "speed": "medium",
              "pass": true,
              "fail": false,
              "pending": false,
              "context": null,
              "code": "cy.visit('http://www.webdriveruniversity.com/');\ncy.get('#datepicker').invoke('removeAttr', 'target').click({\n  force: true\n});\ncy.get('#datepicker').click(); //   let date = new Date()\n//   date.setDate(date.getDate())  // get current day i.e. 22\n//   cy.log(date.getDate())\n//   let date2 = new Date()\n//   date2.setDate(date.getDate()+5)\n//   cy.log(date2.getDate())\nvar date = new Date();\ndate.setDate(date.getDate() + 300);\nvar futureYear = date.getFullYear();\nvar futureMonth = date.toLocaleString(\"en-Us\", {\n  month: \"long\"\n});\nvar futureDay = date.getDate();\ncy.log(\"Future year to select: \" + futureYear);\ncy.log(\"Future month to select: \" + futureMonth);\ncy.log(\"Future day to select: \" + futureDay);\nfunction selectMonthAndYear() {\n  cy.get('.datepicker-dropdown').find('.datepicker-switch').first().then(currentDate => {\n    if (!currentDate.text().includes(futureYear)) {\n      cy.get('.next').first().click();\n      selectMonthAndYear();\n    }\n  }).then(() => {\n    cy.get('.datepicker-dropdown').find('.datepicker-switch').first().then(currentDate => {\n      if (!currentDate.text().includes(futureMonth)) {\n        cy.get('.next').first().click();\n        selectMonthAndYear();\n      }\n    });\n  });\n}\nfunction selectFutureDay() {\n  cy.get(\"[class='day']\").contains(futureDay).click();\n}\nselectMonthAndYear();\nselectFutureDay();",
              "err": {},
              "uuid": "0408a7ba-e326-408f-8bf9-06df02346606",
              "parentUUID": "c383d78e-225a-4b16-8b03-a4caa492b55c",
              "isHook": false,
              "skipped": false
            }
          ],
          "suites": [],
          "passes": [
            "0408a7ba-e326-408f-8bf9-06df02346606"
          ],
          "failures": [],
          "pending": [],
          "skipped": [],
          "duration": 7459,
          "root": false,
          "rootEmpty": false,
          "_timeout": 2000
        }
      ],
      "passes": [],
      "failures": [],
      "pending": [],
      "skipped": [],
      "duration": 0,
      "root": true,
      "rootEmpty": true,
      "_timeout": 2000
    },
    {
      "uuid": "0cd97526-d7ab-4706-8150-482d22a4909f",
      "title": "",
      "fullFile": "cypress/integration/webdriver-uni/file-upload.js",
      "file": "cypress/integration/webdriver-uni/file-upload.js",
      "beforeHooks": [],
      "afterHooks": [],
      "tests": [],
      "suites": [
        {
          "uuid": "2772adb5-ee23-45d6-a02e-efef404466da",
          "title": "Test File Upload via webdriveruni",
          "fullFile": "",
          "file": "",
          "beforeHooks": [],
          "afterHooks": [],
          "tests": [
            {
              "title": "Upload a file...",
              "fullTitle": "Test File Upload via webdriveruni Upload a file...",
              "timedOut": null,
              "duration": 1472,
              "state": "passed",
              "speed": "fast",
              "pass": true,
              "fail": false,
              "pending": false,
              "context": null,
              "code": "cy.visit('http://www.webdriveruniversity.com/');\ncy.get('#file-upload').invoke('removeAttr', 'target').click({\n  force: true\n});\ncy.fixture(\"laptop.png\", \"base64\").then(fileContent => {\n  cy.get(\"#myFile\").attachFile({\n    fileContent,\n    fileName: \"laptop.png\",\n    mimeType: \"image/png\"\n  }, {\n    uploadType: \"input\"\n  });\n});\ncy.get('#submit-button').click();",
              "err": {},
              "uuid": "d53dc1c0-fd6b-4008-a3b3-5278ca10ad3f",
              "parentUUID": "2772adb5-ee23-45d6-a02e-efef404466da",
              "isHook": false,
              "skipped": false
            },
            {
              "title": "Upload no file...",
              "fullTitle": "Test File Upload via webdriveruni Upload no file...",
              "timedOut": null,
              "duration": 720,
              "state": "passed",
              "speed": "fast",
              "pass": true,
              "fail": false,
              "pending": false,
              "context": null,
              "code": "cy.visit('http://www.webdriveruniversity.com/');\ncy.get('#file-upload').invoke('removeAttr', 'target').click({\n  force: true\n});\ncy.get('#submit-button').click();",
              "err": {},
              "uuid": "d53e716f-84aa-43db-b5f9-e7f671ecaa25",
              "parentUUID": "2772adb5-ee23-45d6-a02e-efef404466da",
              "isHook": false,
              "skipped": false
            }
          ],
          "suites": [],
          "passes": [
            "d53dc1c0-fd6b-4008-a3b3-5278ca10ad3f",
            "d53e716f-84aa-43db-b5f9-e7f671ecaa25"
          ],
          "failures": [],
          "pending": [],
          "skipped": [],
          "duration": 2192,
          "root": false,
          "rootEmpty": false,
          "_timeout": 2000
        }
      ],
      "passes": [],
      "failures": [],
      "pending": [],
      "skipped": [],
      "duration": 0,
      "root": true,
      "rootEmpty": true,
      "_timeout": 2000
    },
    {
      "uuid": "4bb9ea3d-fb0c-485e-97ad-87e7d5314a2a",
      "title": "",
      "fullFile": "cypress/integration/webdriver-uni/iframe.js",
      "file": "cypress/integration/webdriver-uni/iframe.js",
      "beforeHooks": [],
      "afterHooks": [],
      "tests": [],
      "suites": [
        {
          "uuid": "3783da6b-548b-452a-8324-51c0c5690721",
          "title": "Handling iframe and modals",
          "fullFile": "",
          "file": "",
          "beforeHooks": [],
          "afterHooks": [],
          "tests": [
            {
              "title": "Handle webriveruni iframe and modal",
              "fullTitle": "Handling iframe and modals Handle webriveruni iframe and modal",
              "timedOut": null,
              "duration": 1905,
              "state": "passed",
              "speed": "fast",
              "pass": true,
              "fail": false,
              "pending": false,
              "context": null,
              "code": "cy.visit('http://www.webdriveruniversity.com/');\ncy.get('#iframe').invoke('removeAttr', 'target').click({\n  force: true\n});\ncy.get('#frame').then($iframe => {\n  const body = $iframe.contents().find('body');\n  cy.wrap(body).as('iframe');\n});\ncy.get('@iframe').find('#button-find-out-more').click();\ncy.get('@iframe').find('#myModal').as('modal');\ncy.get('@modal').should($expectedText => {\n  const text = $expectedText.text();\n  expect(text).to.include('Welcome to webdriveruniversity.com we sell a wide range of electrical goods such as laptops, game consoles, cameras...');\n});\ncy.get('@modal').contains('Close').click();",
              "err": {},
              "uuid": "53765fda-2f90-4583-9f16-806414558c9a",
              "parentUUID": "3783da6b-548b-452a-8324-51c0c5690721",
              "isHook": false,
              "skipped": false
            }
          ],
          "suites": [],
          "passes": [
            "53765fda-2f90-4583-9f16-806414558c9a"
          ],
          "failures": [],
          "pending": [],
          "skipped": [],
          "duration": 1905,
          "root": false,
          "rootEmpty": false,
          "_timeout": 2000
        }
      ],
      "passes": [],
      "failures": [],
      "pending": [],
      "skipped": [],
      "duration": 0,
      "root": true,
      "rootEmpty": true,
      "_timeout": 2000
    },
    {
      "uuid": "a777a5dd-8132-458a-aa92-02f9612175dd",
      "title": "",
      "fullFile": "cypress/integration/webdriver-uni/js-alerts.js",
      "file": "cypress/integration/webdriver-uni/js-alerts.js",
      "beforeHooks": [],
      "afterHooks": [],
      "tests": [],
      "suites": [
        {
          "uuid": "dd426b60-a3a2-4ffd-8a08-2c6e377bad48",
          "title": "Handle js alerts",
          "fullFile": "",
          "file": "",
          "beforeHooks": [],
          "afterHooks": [],
          "tests": [
            {
              "title": "Confirm js alert contains ",
              "fullTitle": "Handle js alerts Confirm js alert contains ",
              "timedOut": null,
              "duration": 1001,
              "state": "passed",
              "speed": "fast",
              "pass": true,
              "fail": false,
              "pending": false,
              "context": null,
              "code": "//cy.visit('http://www.webdriveruniversity.com/Contact-Us/contactus.html')\ncy.visit('http://www.webdriveruniversity.com/');\ncy.get('#popup-alerts').invoke('removeAttr', 'target').click({\n  force: true\n});\ncy.get('#button1').click();\ncy.on('window:alert', str => {\n  expect(str).to.equal('I am an alert box!');\n});",
              "err": {},
              "uuid": "32073cc6-aa4a-456c-b56b-4b5f4a6d4f53",
              "parentUUID": "dd426b60-a3a2-4ffd-8a08-2c6e377bad48",
              "isHook": false,
              "skipped": false
            },
            {
              "title": "Validate js confirm alert box works correctly when clicking ok ",
              "fullTitle": "Handle js alerts Validate js confirm alert box works correctly when clicking ok ",
              "timedOut": null,
              "duration": 521,
              "state": "passed",
              "speed": "fast",
              "pass": true,
              "fail": false,
              "pending": false,
              "context": null,
              "code": "//cy.visit('http://www.webdriveruniversity.com/Contact-Us/contactus.html')\ncy.visit('http://www.webdriveruniversity.com/');\ncy.get('#popup-alerts').invoke('removeAttr', 'target').click({\n  force: true\n});\ncy.get('#button4').click();\ncy.on('window:confirm', str => {\n  return true;\n});\ncy.get('#confirm-alert-text').contains('You pressed OK!');",
              "err": {},
              "uuid": "36b1e250-8210-453f-b813-f66058649c32",
              "parentUUID": "dd426b60-a3a2-4ffd-8a08-2c6e377bad48",
              "isHook": false,
              "skipped": false
            },
            {
              "title": "Validate js confirm alert box works correctly when clicking cancel ",
              "fullTitle": "Handle js alerts Validate js confirm alert box works correctly when clicking cancel ",
              "timedOut": null,
              "duration": 475,
              "state": "passed",
              "speed": "fast",
              "pass": true,
              "fail": false,
              "pending": false,
              "context": null,
              "code": "//cy.visit('http://www.webdriveruniversity.com/Contact-Us/contactus.html')\ncy.visit('http://www.webdriveruniversity.com/');\ncy.get('#popup-alerts').invoke('removeAttr', 'target').click({\n  force: true\n});\ncy.get('#button4').click();\ncy.on('window:confirm', str => {\n  return false;\n});\ncy.get('#confirm-alert-text').contains('You pressed Cancel!');",
              "err": {},
              "uuid": "8f8ec2b4-1760-446d-bf07-637d0a45b28f",
              "parentUUID": "dd426b60-a3a2-4ffd-8a08-2c6e377bad48",
              "isHook": false,
              "skipped": false
            },
            {
              "title": "Validate js confirm alert box using a stub",
              "fullTitle": "Handle js alerts Validate js confirm alert box using a stub",
              "timedOut": null,
              "duration": 471,
              "state": "passed",
              "speed": "fast",
              "pass": true,
              "fail": false,
              "pending": false,
              "context": null,
              "code": "//cy.visit('http://www.webdriveruniversity.com/Contact-Us/contactus.html')\ncy.visit('http://www.webdriveruniversity.com/');\ncy.get('#popup-alerts').invoke('removeAttr', 'target').click({\n  force: true\n});\nconst stub = cy.stub();\ncy.on('window:confirm', stub);\ncy.get('#button4').click().then(() => {\n  expect(stub.getCall(0)).to.be.calledWith('Press a button!');\n}).then(() => {\n  return true;\n}).then(() => {\n  cy.get('#confirm-alert-text').contains('You pressed OK!');\n});",
              "err": {},
              "uuid": "3a2e5b39-d2e6-4c81-9d03-3fa7f0c4ef0c",
              "parentUUID": "dd426b60-a3a2-4ffd-8a08-2c6e377bad48",
              "isHook": false,
              "skipped": false
            }
          ],
          "suites": [],
          "passes": [
            "32073cc6-aa4a-456c-b56b-4b5f4a6d4f53",
            "36b1e250-8210-453f-b813-f66058649c32",
            "8f8ec2b4-1760-446d-bf07-637d0a45b28f",
            "3a2e5b39-d2e6-4c81-9d03-3fa7f0c4ef0c"
          ],
          "failures": [],
          "pending": [],
          "skipped": [],
          "duration": 2468,
          "root": false,
          "rootEmpty": false,
          "_timeout": 2000
        }
      ],
      "passes": [],
      "failures": [],
      "pending": [],
      "skipped": [],
      "duration": 0,
      "root": true,
      "rootEmpty": true,
      "_timeout": 2000
    },
    {
      "uuid": "fb007af0-4a7c-4c37-a245-f204ceaab68a",
      "title": "",
      "fullFile": "cypress/integration/webdriver-uni/mouse-actions.js",
      "file": "cypress/integration/webdriver-uni/mouse-actions.js",
      "beforeHooks": [],
      "afterHooks": [],
      "tests": [],
      "suites": [
        {
          "uuid": "2ce245bd-8f31-428b-927d-e8f396a4cb9e",
          "title": "Test mouse actions",
          "fullFile": "",
          "file": "",
          "beforeHooks": [],
          "afterHooks": [],
          "tests": [
            {
              "title": "Scroll element into view",
              "fullTitle": "Test mouse actions Scroll element into view",
              "timedOut": null,
              "duration": 1159,
              "state": "passed",
              "speed": "fast",
              "pass": true,
              "fail": false,
              "pending": false,
              "context": null,
              "code": "cy.visit('http://www.webdriveruniversity.com/');\ncy.get('#actions').scrollIntoView().invoke('removeAttr', 'target').click({\n  force: true\n});",
              "err": {},
              "uuid": "6de402ad-a015-42da-9bc9-5bc3d57a598e",
              "parentUUID": "2ce245bd-8f31-428b-927d-e8f396a4cb9e",
              "isHook": false,
              "skipped": false
            },
            {
              "title": "I should be able to drag and drop a draggable item",
              "fullTitle": "Test mouse actions I should be able to drag and drop a draggable item",
              "timedOut": null,
              "duration": 574,
              "state": "passed",
              "speed": "fast",
              "pass": true,
              "fail": false,
              "pending": false,
              "context": null,
              "code": "cy.visit('http://www.webdriveruniversity.com/');\ncy.get('#actions').scrollIntoView().invoke('removeAttr', 'target').click({\n  force: true\n});\ncy.get('#draggable').trigger('mousedown', {\n  which: 1\n});\ncy.get('#droppable').trigger('mousemove').trigger('mouseup', {\n  force: true\n});",
              "err": {},
              "uuid": "91f0a20d-30b4-486d-b3d7-111d5b297c06",
              "parentUUID": "2ce245bd-8f31-428b-927d-e8f396a4cb9e",
              "isHook": false,
              "skipped": false
            },
            {
              "title": "I should be able to perform a double mouse click",
              "fullTitle": "Test mouse actions I should be able to perform a double mouse click",
              "timedOut": null,
              "duration": 488,
              "state": "passed",
              "speed": "fast",
              "pass": true,
              "fail": false,
              "pending": false,
              "context": null,
              "code": "cy.visit('http://www.webdriveruniversity.com/');\ncy.get('#actions').scrollIntoView().invoke('removeAttr', 'target').click({\n  force: true\n});\ncy.get('#double-click').dblclick();",
              "err": {},
              "uuid": "6e89422c-f5ea-4c97-aee8-340d638887cb",
              "parentUUID": "2ce245bd-8f31-428b-927d-e8f396a4cb9e",
              "isHook": false,
              "skipped": false
            },
            {
              "title": "I should be able to hold down the left mouse click button on a given element",
              "fullTitle": "Test mouse actions I should be able to hold down the left mouse click button on a given element",
              "timedOut": null,
              "duration": 419,
              "state": "passed",
              "speed": "fast",
              "pass": true,
              "fail": false,
              "pending": false,
              "context": null,
              "code": "cy.visit('http://www.webdriveruniversity.com/');\ncy.get('#actions').scrollIntoView().invoke('removeAttr', 'target').click({\n  force: true\n});\ncy.get('#click-box').trigger('mousedown', {\n  which: 1\n}).then($element => {\n  expect($element).to.have.css('background-color', 'rgb(0, 255, 0)');\n});",
              "err": {},
              "uuid": "ee705055-7752-4913-8647-e5a60ed84770",
              "parentUUID": "2ce245bd-8f31-428b-927d-e8f396a4cb9e",
              "isHook": false,
              "skipped": false
            }
          ],
          "suites": [],
          "passes": [
            "6de402ad-a015-42da-9bc9-5bc3d57a598e",
            "91f0a20d-30b4-486d-b3d7-111d5b297c06",
            "6e89422c-f5ea-4c97-aee8-340d638887cb",
            "ee705055-7752-4913-8647-e5a60ed84770"
          ],
          "failures": [],
          "pending": [],
          "skipped": [],
          "duration": 2640,
          "root": false,
          "rootEmpty": false,
          "_timeout": 2000
        }
      ],
      "passes": [],
      "failures": [],
      "pending": [],
      "skipped": [],
      "duration": 0,
      "root": true,
      "rootEmpty": true,
      "_timeout": 2000
    },
    {
      "uuid": "8867c396-26b3-4ab5-992e-89fb4e669ef3",
      "title": "",
      "fullFile": "cypress/integration/webdriver-uni/radio-buttons.js",
      "file": "cypress/integration/webdriver-uni/radio-buttons.js",
      "beforeHooks": [],
      "afterHooks": [],
      "tests": [],
      "suites": [
        {
          "uuid": "b2a0ddae-e66f-4060-a753-1400f6bf6e81",
          "title": "Verify radio buttons via webdriveruni",
          "fullFile": "",
          "file": "",
          "beforeHooks": [],
          "afterHooks": [],
          "tests": [
            {
              "title": "Check specific radio buttons",
              "fullTitle": "Verify radio buttons via webdriveruni Check specific radio buttons",
              "timedOut": null,
              "duration": 1430,
              "state": "passed",
              "speed": "fast",
              "pass": true,
              "fail": false,
              "pending": false,
              "context": null,
              "code": "cy.get('#radio-buttons').find('[type=\"radio\"]').first().check();\ncy.get('#radio-buttons').find('[type=\"radio\"]').eq(1).check();",
              "err": {},
              "uuid": "772d4b44-0ac4-44d8-83a9-1b99291ef287",
              "parentUUID": "b2a0ddae-e66f-4060-a753-1400f6bf6e81",
              "isHook": false,
              "skipped": false
            },
            {
              "title": "Validate the states of specific radio buttons",
              "fullTitle": "Verify radio buttons via webdriveruni Validate the states of specific radio buttons",
              "timedOut": null,
              "duration": 225,
              "state": "passed",
              "speed": "fast",
              "pass": true,
              "fail": false,
              "pending": false,
              "context": null,
              "code": "cy.get(\"[value='lettuce']\").should('not.be.checked');\ncy.get(\"[value='pumpkin']\").should('be.checked');\ncy.get(\"[value='lettuce']\").check();\ncy.get(\"[value='lettuce']\").should('be.checked');\ncy.get(\"[value='pumpkin']\").should('not.be.checked');\ncy.get(\"[value='cabbage']\").should('be.disabled');",
              "err": {},
              "uuid": "f6da494c-8510-4341-b4c4-a8bf87fd5f64",
              "parentUUID": "b2a0ddae-e66f-4060-a753-1400f6bf6e81",
              "isHook": false,
              "skipped": false
            }
          ],
          "suites": [],
          "passes": [
            "772d4b44-0ac4-44d8-83a9-1b99291ef287",
            "f6da494c-8510-4341-b4c4-a8bf87fd5f64"
          ],
          "failures": [],
          "pending": [],
          "skipped": [],
          "duration": 1655,
          "root": false,
          "rootEmpty": false,
          "_timeout": 2000
        }
      ],
      "passes": [],
      "failures": [],
      "pending": [],
      "skipped": [],
      "duration": 0,
      "root": true,
      "rootEmpty": true,
      "_timeout": 2000
    },
    {
      "uuid": "79faa8c0-e744-4c1e-afcd-d816a6b2b7a6",
      "title": "",
      "fullFile": "cypress/integration/webdriver-uni/select-dropsown-list.js",
      "file": "cypress/integration/webdriver-uni/select-dropsown-list.js",
      "beforeHooks": [],
      "afterHooks": [],
      "tests": [],
      "suites": [
        {
          "uuid": "aac215b2-2a6c-4a06-a720-e50cb8c13e4f",
          "title": "Interact with dropdown lists via webdriveruni",
          "fullFile": "",
          "file": "",
          "beforeHooks": [],
          "afterHooks": [],
          "tests": [
            {
              "title": "Select specific values via select dropdown lists",
              "fullTitle": "Interact with dropdown lists via webdriveruni Select specific values via select dropdown lists",
              "timedOut": null,
              "duration": 2004,
              "state": "passed",
              "speed": "fast",
              "pass": true,
              "fail": false,
              "pending": false,
              "context": null,
              "code": "cy.visit('http://www.webdriveruniversity.com/');\ncy.get('#dropdown-checkboxes-radiobuttons').invoke('removeAttr', 'target').click({\n  force: true\n});\ncy.get('#dropdowm-menu-1').select('c#');\ncy.get('#dropdowm-menu-2').select('testng').should('have.value', 'testng');\ncy.get('#dropdowm-menu-3').select('JQuery').contains('JQuery');\ncy.get('#dropdowm-menu-2').select('maven').should('have.value', 'maven');\ncy.get('#dropdowm-menu-2').select('JUnit').contains('JUnit');",
              "err": {},
              "uuid": "dba3ffa7-0908-4200-a0e8-0b9d98442047",
              "parentUUID": "aac215b2-2a6c-4a06-a720-e50cb8c13e4f",
              "isHook": false,
              "skipped": false
            }
          ],
          "suites": [],
          "passes": [
            "dba3ffa7-0908-4200-a0e8-0b9d98442047"
          ],
          "failures": [],
          "pending": [],
          "skipped": [],
          "duration": 2004,
          "root": false,
          "rootEmpty": false,
          "_timeout": 2000
        }
      ],
      "passes": [],
      "failures": [],
      "pending": [],
      "skipped": [],
      "duration": 0,
      "root": true,
      "rootEmpty": true,
      "_timeout": 2000
    },
    {
      "uuid": "df03746c-c271-426e-9a68-b5ac28c2c9e7",
      "title": "",
      "fullFile": "cypress/integration/webdriver-uni/traversing-elements.js",
      "file": "cypress/integration/webdriver-uni/traversing-elements.js",
      "beforeHooks": [],
      "afterHooks": [],
      "tests": [],
      "suites": [
        {
          "uuid": "d8f35a63-44fd-49e3-b534-404285f45584",
          "title": "Traversing DOM elements in Cypress",
          "fullFile": "",
          "file": "",
          "beforeHooks": [],
          "afterHooks": [],
          "tests": [
            {
              "title": "siblings() To get all sibling DOM elements of elements",
              "fullTitle": "Traversing DOM elements in Cypress siblings() To get all sibling DOM elements of elements",
              "timedOut": null,
              "duration": 1611,
              "state": "passed",
              "speed": "fast",
              "pass": true,
              "fail": false,
              "pending": false,
              "context": null,
              "code": "cy.get('.traversal-button-other-states .active').siblings().should('have.length', 3);",
              "err": {},
              "uuid": "9b34cb14-5967-46f7-8f7e-07450a717d95",
              "parentUUID": "d8f35a63-44fd-49e3-b534-404285f45584",
              "isHook": false,
              "skipped": false
            }
          ],
          "suites": [],
          "passes": [
            "9b34cb14-5967-46f7-8f7e-07450a717d95"
          ],
          "failures": [],
          "pending": [],
          "skipped": [],
          "duration": 1611,
          "root": false,
          "rootEmpty": false,
          "_timeout": 2000
        }
      ],
      "passes": [],
      "failures": [],
      "pending": [],
      "skipped": [],
      "duration": 0,
      "root": true,
      "rootEmpty": true,
      "_timeout": 2000
    },
    {
      "uuid": "ed63359d-16c7-4e4b-98ce-da180b1a992a",
      "title": "",
      "fullFile": "cypress/integration/automation-test-store/add-multiple-items-to-basket.js",
      "file": "cypress/integration/automation-test-store/add-multiple-items-to-basket.js",
      "beforeHooks": [],
      "afterHooks": [],
      "tests": [],
      "suites": [
        {
          "uuid": "8036e393-8770-4f4b-a8a3-52dcdf03063c",
          "title": "Add multiple items to basket",
          "fullFile": "",
          "file": "",
          "beforeHooks": [],
          "afterHooks": [],
          "tests": [
            {
              "title": "Add specific items to basket",
              "fullTitle": "Add multiple items to basket Add specific items to basket",
              "timedOut": null,
              "duration": 4874,
              "state": "passed",
              "speed": "fast",
              "pass": true,
              "fail": false,
              "pending": false,
              "context": null,
              "code": "autoStore_Haircare_PO.addHaircareProductsToBasket();",
              "err": {},
              "uuid": "533a09bd-69fd-4e10-a6bf-d3fe10986906",
              "parentUUID": "8036e393-8770-4f4b-a8a3-52dcdf03063c",
              "isHook": false,
              "skipped": false
            }
          ],
          "suites": [],
          "passes": [
            "533a09bd-69fd-4e10-a6bf-d3fe10986906"
          ],
          "failures": [],
          "pending": [],
          "skipped": [],
          "duration": 4874,
          "root": false,
          "rootEmpty": false,
          "_timeout": 2000
        }
      ],
      "passes": [],
      "failures": [],
      "pending": [],
      "skipped": [],
      "duration": 0,
      "root": true,
      "rootEmpty": true,
      "_timeout": 2000
    }
  ],
  "meta": {
    "mocha": {
      "version": "7.0.1"
    },
    "mochawesome": {
      "options": {
        "quiet": false,
        "reportFilename": "mochawesome",
        "saveHtml": false,
        "saveJson": true,
        "consoleReporter": "spec",
        "useInlineDiffs": false,
        "code": true
      },
      "version": "7.1.3"
    },
    "marge": {
      "options": {
        "id": "default",
        "reportDir": "cypress/results/mochawesome",
        "quite": true,
        "overwrite": false,
        "html": false,
        "json": true
      },
      "version": "6.2.0"
    }
  }
}